<?xml version="1.0" encoding="UTF-8"?>
<robot generator="Robot 4.1 (Python 3.9.6 on win32)" generated="20210824 18:22:17.445" rpa="false" schemaversion="2">
<suite id="s1" name="TestPlan" source="C:\Users\848913\PycharmProjects\Avon\TestPlan\TestPlan.robot">
<test id="s1-t1" name="SignUp and Login">
<kw name="BAR with no cost signup" library="BAR">
<kw name="initialize" library="Keywords">
<kw name="Move Files" library="CommonHandler">
<status status="PASS" starttime="20210824 18:23:25.499" endtime="20210824 18:23:25.628"/>
</kw>
<kw name="Create Webdriver" library="SeleniumLibrary">
<arg>${browser}</arg>
<arg>executable_path=C:/Users/848913/PycharmProjects/Driver/chromedriver.exe</arg>
<doc>Creates an instance of Selenium WebDriver.</doc>
<msg timestamp="20210824 18:23:25.629" level="INFO">Creating an instance of the Chrome WebDriver.</msg>
<status status="PASS" starttime="20210824 18:23:25.628" endtime="20210824 18:23:33.138"/>
</kw>
<kw name="Go To" library="SeleniumLibrary">
<arg>${URL}</arg>
<doc>Navigates the current browser window to the provided ``url``.</doc>
<msg timestamp="20210824 18:23:33.139" level="INFO">Opening url 'https://qa-ecom-aws.avon.com/'</msg>
<status status="PASS" starttime="20210824 18:23:33.138" endtime="20210824 18:23:49.057"/>
</kw>
<kw name="Maximize Browser Window" library="SeleniumLibrary">
<doc>Maximizes current browser window.</doc>
<status status="PASS" starttime="20210824 18:23:49.058" endtime="20210824 18:23:49.249"/>
</kw>
<status status="PASS" starttime="20210824 18:23:25.498" endtime="20210824 18:23:49.249"/>
</kw>
<kw name="Click BAR link" library="REP">
<kw name="Wait for Max time" library="Keywords">
<kw name="Set Selenium Implicit Wait" library="SeleniumLibrary">
<arg>200seconds</arg>
<doc>Sets the implicit wait value used by Selenium.</doc>
<status status="PASS" starttime="20210824 18:23:49.250" endtime="20210824 18:23:49.253"/>
</kw>
<status status="PASS" starttime="20210824 18:23:49.249" endtime="20210824 18:23:49.255"/>
</kw>
<kw name="Click Element" library="SeleniumLibrary">
<arg>${barLink}</arg>
<doc>Click the element identified by ``locator``.</doc>
<msg timestamp="20210824 18:23:49.255" level="INFO">Clicking element '//a[contains(text(),'Become a Rep')]'.</msg>
<status status="PASS" starttime="20210824 18:23:49.255" endtime="20210824 18:23:49.635"/>
</kw>
<kw name="Click Element" library="SeleniumLibrary">
<arg>${joinusLink}</arg>
<doc>Click the element identified by ``locator``.</doc>
<msg timestamp="20210824 18:23:49.636" level="INFO">Clicking element '//a[contains(text(),'Join Us!')]'.</msg>
<status status="PASS" starttime="20210824 18:23:49.635" endtime="20210824 18:23:51.586"/>
</kw>
<status status="PASS" starttime="20210824 18:23:49.249" endtime="20210824 18:23:51.587"/>
</kw>
<kw name="Set Name" library="Profile">
<kw name="Wait for Max time" library="Keywords">
<kw name="Set Selenium Implicit Wait" library="SeleniumLibrary">
<arg>200seconds</arg>
<doc>Sets the implicit wait value used by Selenium.</doc>
<status status="PASS" starttime="20210824 18:23:51.589" endtime="20210824 18:23:51.595"/>
</kw>
<status status="PASS" starttime="20210824 18:23:51.588" endtime="20210824 18:23:51.596"/>
</kw>
<kw name="Get First Name" library="RandomData">
<var>${fname}</var>
<msg timestamp="20210824 18:23:51.597" level="INFO">${fname} = Christina</msg>
<status status="PASS" starttime="20210824 18:23:51.596" endtime="20210824 18:23:51.598"/>
</kw>
<kw name="Input Text" library="SeleniumLibrary">
<arg>${firstnameinput}</arg>
<arg>${fname}</arg>
<doc>Types the given ``text`` into the text field identified by ``locator``.</doc>
<msg timestamp="20210824 18:23:51.599" level="INFO">Typing text 'Christina' into text field 'xpath://input[@name='firstName']'.</msg>
<status status="PASS" starttime="20210824 18:23:51.599" endtime="20210824 18:23:54.563"/>
</kw>
<kw name="Get Last Name" library="RandomData">
<var>${lname}</var>
<msg timestamp="20210824 18:23:54.566" level="INFO">${lname} = Moody</msg>
<status status="PASS" starttime="20210824 18:23:54.564" endtime="20210824 18:23:54.566"/>
</kw>
<kw name="Input Text" library="SeleniumLibrary">
<arg>${lastNameInput}</arg>
<arg>${lname}</arg>
<doc>Types the given ``text`` into the text field identified by ``locator``.</doc>
<msg timestamp="20210824 18:23:54.568" level="INFO">Typing text 'Moody' into text field 'xpath://input[@name='lastName']'.</msg>
<status status="PASS" starttime="20210824 18:23:54.566" endtime="20210824 18:23:54.908"/>
</kw>
<status status="PASS" starttime="20210824 18:23:51.587" endtime="20210824 18:23:54.909"/>
</kw>
<kw name="Set Email" library="Profile">
<kw name="Get Rep Email" library="RandomData">
<var>${email}</var>
<msg timestamp="20210824 18:23:54.912" level="INFO">${email} = SaraWagner@rep.com</msg>
<status status="PASS" starttime="20210824 18:23:54.911" endtime="20210824 18:23:54.913"/>
</kw>
<kw name="Input Text" library="SeleniumLibrary">
<arg>${emailInput}</arg>
<arg>${email}</arg>
<doc>Types the given ``text`` into the text field identified by ``locator``.</doc>
<msg timestamp="20210824 18:23:54.914" level="INFO">Typing text 'SaraWagner@rep.com' into text field 'xpath://input[@name='emailAddr']'.</msg>
<status status="PASS" starttime="20210824 18:23:54.913" endtime="20210824 18:23:55.689"/>
</kw>
<kw name="Input Text" library="SeleniumLibrary">
<arg>${emailRenteredInput}</arg>
<arg>${email}</arg>
<doc>Types the given ``text`` into the text field identified by ``locator``.</doc>
<msg timestamp="20210824 18:23:55.692" level="INFO">Typing text 'SaraWagner@rep.com' into text field 'xpath://input[@name='emailAddrReEntered']'.</msg>
<status status="PASS" starttime="20210824 18:23:55.690" endtime="20210824 18:23:56.096"/>
</kw>
<status status="PASS" starttime="20210824 18:23:54.909" endtime="20210824 18:23:56.096"/>
</kw>
<kw name="Set Password" library="Profile">
<kw name="Input Text" library="SeleniumLibrary">
<arg>${pass}</arg>
<arg>password@1</arg>
<doc>Types the given ``text`` into the text field identified by ``locator``.</doc>
<msg timestamp="20210824 18:23:56.099" level="INFO">Typing text 'password@1' into text field 'xpath://input[@name='password']'.</msg>
<status status="PASS" starttime="20210824 18:23:56.097" endtime="20210824 18:23:56.488"/>
</kw>
<status status="PASS" starttime="20210824 18:23:56.096" endtime="20210824 18:23:56.489"/>
</kw>
<kw name="Set Mobile" library="Profile">
<kw name="Input Text" library="SeleniumLibrary">
<arg>${mobInput}</arg>
<arg>8777777777</arg>
<doc>Types the given ``text`` into the text field identified by ``locator``.</doc>
<msg timestamp="20210824 18:23:56.495" level="INFO">Typing text '8777777777' into text field 'xpath://input[@name='phoneNumber']'.</msg>
<status status="PASS" starttime="20210824 18:23:56.492" endtime="20210824 18:23:56.910"/>
</kw>
<status status="PASS" starttime="20210824 18:23:56.490" endtime="20210824 18:23:56.911"/>
</kw>
<kw name="Click Continue Button" library="Keywords">
<kw name="Wait Until Element Is Enabled" library="SeleniumLibrary">
<arg>${continueButton}</arg>
<doc>Waits until the element ``locator`` is enabled.</doc>
<status status="PASS" starttime="20210824 18:23:56.912" endtime="20210824 18:23:56.962"/>
</kw>
<kw name="Click Button" library="SeleniumLibrary">
<arg>${continueButton}</arg>
<doc>Clicks the button identified by ``locator``.</doc>
<msg timestamp="20210824 18:23:56.964" level="INFO">Clicking button '//button[contains(text(),'Continue')]'.</msg>
<status status="PASS" starttime="20210824 18:23:56.962" endtime="20210824 18:23:57.355"/>
</kw>
<status status="PASS" starttime="20210824 18:23:56.911" endtime="20210824 18:23:57.356"/>
</kw>
<kw name="Check if additional rep details page loaded" library="REP">
<kw name="Wait Until Element Is Visible" library="SeleniumLibrary">
<arg>${repAdditionalDetailsPage}</arg>
<doc>Waits until the element ``locator`` is visible.</doc>
<status status="PASS" starttime="20210824 18:23:57.357" endtime="20210824 18:24:02.627"/>
</kw>
<status status="PASS" starttime="20210824 18:23:57.356" endtime="20210824 18:24:02.627"/>
</kw>
<kw name="Language Selector" library="RandomData">
<var>${language}</var>
<msg timestamp="20210824 18:24:02.628" level="INFO">${language} = es</msg>
<status status="PASS" starttime="20210824 18:24:02.628" endtime="20210824 18:24:02.628"/>
</kw>
<kw name="Run Keyword If" library="BuiltIn">
<arg>"${language}"=="${spanish}"</arg>
<arg>Set Language as Spanish</arg>
<doc>Runs the given keyword with the given arguments, if ``condition`` is true.</doc>
<kw name="Set Language as Spanish" library="Profile">
<kw name="Wait for Max time" library="Keywords">
<kw name="Set Selenium Implicit Wait" library="SeleniumLibrary">
<arg>200seconds</arg>
<doc>Sets the implicit wait value used by Selenium.</doc>
<status status="PASS" starttime="20210824 18:24:02.631" endtime="20210824 18:24:02.634"/>
</kw>
<status status="PASS" starttime="20210824 18:24:02.630" endtime="20210824 18:24:02.634"/>
</kw>
<kw name="Click Element" library="SeleniumLibrary">
<arg>${spanishradiobutton}</arg>
<doc>Click the element identified by ``locator``.</doc>
<msg timestamp="20210824 18:24:02.636" level="INFO">Clicking element 'xpath://div[contains(text(),'Español')]'.</msg>
<status status="PASS" starttime="20210824 18:24:02.635" endtime="20210824 18:24:02.853"/>
</kw>
<status status="PASS" starttime="20210824 18:24:02.629" endtime="20210824 18:24:02.854"/>
</kw>
<status status="PASS" starttime="20210824 18:24:02.628" endtime="20210824 18:24:02.854"/>
</kw>
<kw name="Set Additional profile details for rep" library="Profile">
<kw name="Click Element" library="SeleniumLibrary">
<arg>${birthMonthConatiner}</arg>
<doc>Click the element identified by ``locator``.</doc>
<msg timestamp="20210824 18:24:02.858" level="INFO">Clicking element 'xpath://span[contains(text(),'MM')]'.</msg>
<status status="PASS" starttime="20210824 18:24:02.856" endtime="20210824 18:24:03.204"/>
</kw>
<kw name="Get Birth Month" library="RandomData">
<var>${birthMonth}</var>
<msg timestamp="20210824 18:24:03.205" level="INFO">${birthMonth} = xpath://li[contains(text(),'11')]</msg>
<status status="PASS" starttime="20210824 18:24:03.205" endtime="20210824 18:24:03.205"/>
</kw>
<kw name="Sleep" library="BuiltIn">
<arg>${timeout}</arg>
<doc>Pauses the test executed for the given time.</doc>
<msg timestamp="20210824 18:24:08.207" level="INFO">Slept 5 seconds</msg>
<status status="PASS" starttime="20210824 18:24:03.205" endtime="20210824 18:24:08.207"/>
</kw>
<kw name="Click Element" library="SeleniumLibrary">
<arg>${birthMonth}</arg>
<doc>Click the element identified by ``locator``.</doc>
<msg timestamp="20210824 18:24:08.208" level="INFO">Clicking element 'xpath://li[contains(text(),'11')]'.</msg>
<status status="PASS" starttime="20210824 18:24:08.207" endtime="20210824 18:24:09.062"/>
</kw>
<kw name="Log To Console" library="BuiltIn">
<arg>${birthMonth}</arg>
<doc>Logs the given message to the console.</doc>
<status status="PASS" starttime="20210824 18:24:09.063" endtime="20210824 18:24:09.064"/>
</kw>
<kw name="Click Element" library="SeleniumLibrary">
<arg>${birthDayConatiner}</arg>
<doc>Click the element identified by ``locator``.</doc>
<msg timestamp="20210824 18:24:09.065" level="INFO">Clicking element 'xpath://span[contains(text(),'DD')]'.</msg>
<status status="PASS" starttime="20210824 18:24:09.064" endtime="20210824 18:24:09.261"/>
</kw>
<kw name="Get Birth Day" library="RandomData">
<var>${birthDay}</var>
<msg timestamp="20210824 18:24:09.262" level="INFO">${birthDay} = xpath://li[contains(text(),'24')]</msg>
<status status="PASS" starttime="20210824 18:24:09.261" endtime="20210824 18:24:09.262"/>
</kw>
<kw name="Sleep" library="BuiltIn">
<arg>${timeout}</arg>
<doc>Pauses the test executed for the given time.</doc>
<msg timestamp="20210824 18:24:14.264" level="INFO">Slept 5 seconds</msg>
<status status="PASS" starttime="20210824 18:24:09.262" endtime="20210824 18:24:14.264"/>
</kw>
<kw name="Click Element" library="SeleniumLibrary">
<arg>${birthDay}</arg>
<doc>Click the element identified by ``locator``.</doc>
<msg timestamp="20210824 18:24:14.265" level="INFO">Clicking element 'xpath://li[contains(text(),'24')]'.</msg>
<status status="PASS" starttime="20210824 18:24:14.264" endtime="20210824 18:24:14.485"/>
</kw>
<kw name="Log To Console" library="BuiltIn">
<arg>${birthDay}</arg>
<doc>Logs the given message to the console.</doc>
<status status="PASS" starttime="20210824 18:24:14.485" endtime="20210824 18:24:14.486"/>
</kw>
<kw name="Click Element" library="SeleniumLibrary">
<arg>${birthYearConatiner}</arg>
<doc>Click the element identified by ``locator``.</doc>
<msg timestamp="20210824 18:24:14.487" level="INFO">Clicking element 'xpath://span[contains(text(),'YYYY')]'.</msg>
<status status="PASS" starttime="20210824 18:24:14.486" endtime="20210824 18:24:14.698"/>
</kw>
<kw name="Get Birth Year" library="RandomData">
<var>${birthYear}</var>
<msg timestamp="20210824 18:24:14.699" level="INFO">${birthYear} = xpath://li[contains(text(),'1922')]</msg>
<status status="PASS" starttime="20210824 18:24:14.698" endtime="20210824 18:24:14.699"/>
</kw>
<kw name="Sleep" library="BuiltIn">
<arg>${timeout}</arg>
<doc>Pauses the test executed for the given time.</doc>
<msg timestamp="20210824 18:24:19.701" level="INFO">Slept 5 seconds</msg>
<status status="PASS" starttime="20210824 18:24:14.700" endtime="20210824 18:24:19.701"/>
</kw>
<kw name="Click Element" library="SeleniumLibrary">
<arg>${birthYear}</arg>
<doc>Click the element identified by ``locator``.</doc>
<msg timestamp="20210824 18:24:19.702" level="INFO">Clicking element 'xpath://li[contains(text(),'1922')]'.</msg>
<status status="PASS" starttime="20210824 18:24:19.701" endtime="20210824 18:24:19.895"/>
</kw>
<kw name="Log To Console" library="BuiltIn">
<arg>${birthYear}</arg>
<doc>Logs the given message to the console.</doc>
<status status="PASS" starttime="20210824 18:24:19.896" endtime="20210824 18:24:19.896"/>
</kw>
<status status="PASS" starttime="20210824 18:24:02.854" endtime="20210824 18:24:19.897"/>
</kw>
<kw name="Set Address" library="Profile">
<kw name="Get Address" library="RandomData">
<var>${addr1}</var>
<msg timestamp="20210824 18:24:19.899" level="INFO">${addr1} = 2888 Debbie Ville</msg>
<status status="PASS" starttime="20210824 18:24:19.898" endtime="20210824 18:24:19.899"/>
</kw>
<kw name="Input Text" library="SeleniumLibrary">
<arg>${addr1Input}</arg>
<arg>${addr1}</arg>
<doc>Types the given ``text`` into the text field identified by ``locator``.</doc>
<msg timestamp="20210824 18:24:19.900" level="INFO">Typing text '2888 Debbie Ville' into text field 'xpath://input[@name='address1']'.</msg>
<status status="PASS" starttime="20210824 18:24:19.899" endtime="20210824 18:24:20.147"/>
</kw>
<kw name="Input Text" library="SeleniumLibrary">
<arg>${pinInput}</arg>
<arg>10001</arg>
<doc>Types the given ``text`` into the text field identified by ``locator``.</doc>
<msg timestamp="20210824 18:24:20.148" level="INFO">Typing text '10001' into text field 'xpath://input[@name='zipCode']'.</msg>
<status status="PASS" starttime="20210824 18:24:20.147" endtime="20210824 18:24:20.413"/>
</kw>
<status status="PASS" starttime="20210824 18:24:19.897" endtime="20210824 18:24:20.414"/>
</kw>
<kw name="Click Continue Button" library="Keywords">
<kw name="Wait Until Element Is Enabled" library="SeleniumLibrary">
<arg>${continueButton}</arg>
<doc>Waits until the element ``locator`` is enabled.</doc>
<status status="PASS" starttime="20210824 18:24:20.415" endtime="20210824 18:24:21.877"/>
</kw>
<kw name="Click Button" library="SeleniumLibrary">
<arg>${continueButton}</arg>
<doc>Clicks the button identified by ``locator``.</doc>
<msg timestamp="20210824 18:24:21.878" level="INFO">Clicking button '//button[contains(text(),'Continue')]'.</msg>
<status status="PASS" starttime="20210824 18:24:21.878" endtime="20210824 18:24:22.049"/>
</kw>
<status status="PASS" starttime="20210824 18:24:20.414" endtime="20210824 18:24:22.051"/>
</kw>
<kw name="Click Save Button" library="Profile">
<kw name="Sleep" library="BuiltIn">
<arg>${timeout}</arg>
<doc>Pauses the test executed for the given time.</doc>
<msg timestamp="20210824 18:24:27.054" level="INFO">Slept 5 seconds</msg>
<status status="PASS" starttime="20210824 18:24:22.052" endtime="20210824 18:24:27.054"/>
</kw>
<kw name="Click Button" library="SeleniumLibrary">
<arg>${saveButton}</arg>
<doc>Clicks the button identified by ``locator``.</doc>
<msg timestamp="20210824 18:24:27.057" level="INFO">Clicking button '//button[contains(text(),'Save')]'.</msg>
<status status="PASS" starttime="20210824 18:24:27.054" endtime="20210824 18:24:27.279"/>
</kw>
<status status="PASS" starttime="20210824 18:24:22.051" endtime="20210824 18:24:27.280"/>
</kw>
<kw name="Check if Connect with an Avon Team page loaded" library="REP">
<kw name="Wait Until Element Is Visible" library="SeleniumLibrary">
<arg>${connectWithAvonTeam}</arg>
<doc>Waits until the element ``locator`` is visible.</doc>
<status status="PASS" starttime="20210824 18:24:27.281" endtime="20210824 18:24:29.178"/>
</kw>
<status status="PASS" starttime="20210824 18:24:27.280" endtime="20210824 18:24:29.179"/>
</kw>
<kw name="Click Select Button" library="REP">
<kw name="Click Button" library="SeleniumLibrary">
<arg>${selectButton}</arg>
<doc>Clicks the button identified by ``locator``.</doc>
<msg timestamp="20210824 18:24:29.181" level="INFO">Clicking button '//button[contains(text(),'Select')]'.</msg>
<status status="PASS" starttime="20210824 18:24:29.181" endtime="20210824 18:24:32.565"/>
</kw>
<status status="PASS" starttime="20210824 18:24:29.179" endtime="20210824 18:24:32.565"/>
</kw>
<kw name="Click Continue to your signup button" library="REP">
<kw name="Wait Until Element Is Enabled" library="SeleniumLibrary">
<arg>${signupTypeButton}</arg>
<doc>Waits until the element ``locator`` is enabled.</doc>
<status status="PASS" starttime="20210824 18:24:32.567" endtime="20210824 18:24:32.632"/>
</kw>
<kw name="Click Button" library="SeleniumLibrary">
<arg>${signupTypeButton}</arg>
<doc>Clicks the button identified by ``locator``.</doc>
<msg timestamp="20210824 18:24:32.633" level="INFO">Clicking button '//button[contains(text(),'Continue to Your Signup')]'.</msg>
<status status="PASS" starttime="20210824 18:24:32.632" endtime="20210824 18:24:32.807"/>
</kw>
<status status="PASS" starttime="20210824 18:24:32.565" endtime="20210824 18:24:32.808"/>
</kw>
<kw name="Click Continue to last step button" library="REP">
<kw name="Wait Until Element Is Enabled" library="SeleniumLibrary">
<arg>${lastStepContinueButton}</arg>
<doc>Waits until the element ``locator`` is enabled.</doc>
<status status="PASS" starttime="20210824 18:24:32.809" endtime="20210824 18:24:34.850"/>
</kw>
<kw name="Click Button" library="SeleniumLibrary">
<arg>${lastStepContinueButton}</arg>
<doc>Clicks the button identified by ``locator``.</doc>
<msg timestamp="20210824 18:24:34.852" level="INFO">Clicking button '//button[contains(text(),'Continue to Last Step')]'.</msg>
<status status="PASS" starttime="20210824 18:24:34.851" endtime="20210824 18:24:35.192"/>
</kw>
<status status="PASS" starttime="20210824 18:24:32.808" endtime="20210824 18:24:35.193"/>
</kw>
<kw name="Accept aggrements" library="REP">
<kw name="Click Element" library="SeleniumLibrary">
<arg>${aggrement1Checkbox}</arg>
<doc>Click the element identified by ``locator``.</doc>
<msg timestamp="20210824 18:24:35.197" level="INFO">Clicking element 'xpath://div[@direction='column']/div[1]/label/label/span[1]'.</msg>
<status status="PASS" starttime="20210824 18:24:35.195" endtime="20210824 18:24:36.913"/>
</kw>
<kw name="Click Element" library="SeleniumLibrary">
<arg>${aggrement2checkbox}</arg>
<doc>Click the element identified by ``locator``.</doc>
<msg timestamp="20210824 18:24:36.915" level="INFO">Clicking element 'xpath://div[@direction='column']/div[2]/label/label/span[1]'.</msg>
<status status="PASS" starttime="20210824 18:24:36.914" endtime="20210824 18:24:37.046"/>
</kw>
<status status="PASS" starttime="20210824 18:24:35.193" endtime="20210824 18:24:37.047"/>
</kw>
<kw name="Click Complete Button" library="REP">
<kw name="Wait Until Element Is Enabled" library="SeleniumLibrary">
<arg>${completeButton}</arg>
<doc>Waits until the element ``locator`` is enabled.</doc>
<status status="PASS" starttime="20210824 18:24:37.048" endtime="20210824 18:24:37.121"/>
</kw>
<kw name="Click Button" library="SeleniumLibrary">
<arg>${completeButton}</arg>
<doc>Clicks the button identified by ``locator``.</doc>
<msg timestamp="20210824 18:24:37.122" level="INFO">Clicking button '//button[contains(text(),'Complete')]'.</msg>
<status status="PASS" starttime="20210824 18:24:37.121" endtime="20210824 18:24:37.343"/>
</kw>
<status status="PASS" starttime="20210824 18:24:37.047" endtime="20210824 18:24:37.343"/>
</kw>
<kw name="Sleep" library="BuiltIn">
<arg>20</arg>
<doc>Pauses the test executed for the given time.</doc>
<msg timestamp="20210824 18:24:57.345" level="INFO">Slept 20 seconds</msg>
<status status="PASS" starttime="20210824 18:24:37.343" endtime="20210824 18:24:57.346"/>
</kw>
<kw name="teardown" library="Keywords">
<kw name="Close Browser" library="SeleniumLibrary">
<doc>Closes the current browser.</doc>
<status status="PASS" starttime="20210824 18:24:57.349" endtime="20210824 18:25:07.595"/>
</kw>
<status status="PASS" starttime="20210824 18:24:57.347" endtime="20210824 18:25:07.596"/>
</kw>
<status status="PASS" starttime="20210824 18:23:25.498" endtime="20210824 18:25:07.596"/>
</kw>
<status status="PASS" starttime="20210824 18:23:25.496" endtime="20210824 18:25:07.599"/>
</test>
<status status="PASS" starttime="20210824 18:22:17.472" endtime="20210824 18:25:07.603"/>
</suite>
<statistics>
<total>
<stat pass="1" fail="0" skip="0">All Tests</stat>
</total>
<tag>
</tag>
<suite>
<stat pass="1" fail="0" skip="0" id="s1" name="TestPlan">TestPlan</stat>
</suite>
</statistics>
<errors>
</errors>
</robot>
